{"C:\\Users\\Martin\\Desktop\\TRABAJANDO\\CURSO UDEMY REACT\\13-administrador_productos\\backend\\src\\router.ts": {"path":"C:\\Users\\Martin\\Desktop\\TRABAJANDO\\CURSO UDEMY REACT\\13-administrador_productos\\backend\\src\\router.ts","statementMap":{"0":{"start":{"line":1,"column":0},"end":{"line":1,"column":33}},"1":{"start":{"line":2,"column":0},"end":{"line":2,"column":null}},"2":{"start":{"line":10,"column":0},"end":{"line":10,"column":48}},"3":{"start":{"line":11,"column":0},"end":{"line":11,"column":50}},"4":{"start":{"line":13,"column":15},"end":{"line":13,"column":23}},"5":{"start":{"line":16,"column":0},"end":{"line":16,"column":28}},"6":{"start":{"line":17,"column":0},"end":{"line":22,"column":2}},"7":{"start":{"line":24,"column":0},"end":{"line":36,"column":2}},"8":{"start":{"line":32,"column":23},"end":{"line":32,"column":32}},"9":{"start":{"line":38,"column":0},"end":{"line":52,"column":2}},"10":{"start":{"line":47,"column":23},"end":{"line":47,"column":32}},"11":{"start":{"line":54,"column":0},"end":{"line":59,"column":2}},"12":{"start":{"line":61,"column":0},"end":{"line":66,"column":2}},"13":{"start":{"line":68,"column":0},"end":{"line":68,"column":22}}},"fnMap":{"0":{"name":"(anonymous_0)","decl":{"start":{"line":32,"column":12},"end":{"line":32,"column":13}},"loc":{"start":{"line":32,"column":23},"end":{"line":32,"column":32}}},"1":{"name":"(anonymous_1)","decl":{"start":{"line":47,"column":12},"end":{"line":47,"column":13}},"loc":{"start":{"line":47,"column":23},"end":{"line":47,"column":32}}}},"branchMap":{},"s":{"0":2,"1":2,"2":2,"3":2,"4":2,"5":2,"6":2,"7":2,"8":4,"9":2,"10":5,"11":2,"12":2,"13":2},"f":{"0":4,"1":5},"b":{}}
,"C:\\Users\\Martin\\Desktop\\TRABAJANDO\\CURSO UDEMY REACT\\13-administrador_productos\\backend\\src\\server.ts": {"path":"C:\\Users\\Martin\\Desktop\\TRABAJANDO\\CURSO UDEMY REACT\\13-administrador_productos\\backend\\src\\server.ts","statementMap":{"0":{"start":{"line":7,"column":0},"end":{"line":7,"column":7}},"1":{"start":{"line":1,"column":0},"end":{"line":1,"column":30}},"2":{"start":{"line":2,"column":0},"end":{"line":2,"column":28}},"3":{"start":{"line":3,"column":0},"end":{"line":3,"column":30}},"4":{"start":{"line":4,"column":0},"end":{"line":4,"column":29}},"5":{"start":{"line":8,"column":2},"end":{"line":15,"column":3}},"6":{"start":{"line":9,"column":4},"end":{"line":9,"column":28}},"7":{"start":{"line":10,"column":4},"end":{"line":10,"column":14}},"8":{"start":{"line":13,"column":4},"end":{"line":13,"column":23}},"9":{"start":{"line":14,"column":4},"end":{"line":14,"column":70}},"10":{"start":{"line":18,"column":0},"end":{"line":18,"column":12}},"11":{"start":{"line":20,"column":15},"end":{"line":20,"column":24}},"12":{"start":{"line":23,"column":0},"end":{"line":23,"column":27}},"13":{"start":{"line":27,"column":0},"end":{"line":27,"column":36}},"14":{"start":{"line":28,"column":0},"end":{"line":30,"column":3}},"15":{"start":{"line":29,"column":2},"end":{"line":29,"column":46}},"16":{"start":{"line":31,"column":0},"end":{"line":33,"column":3}},"17":{"start":{"line":32,"column":2},"end":{"line":32,"column":32}},"18":{"start":{"line":35,"column":0},"end":{"line":35,"column":22}}},"fnMap":{"0":{"name":"connectDB","decl":{"start":{"line":7,"column":22},"end":{"line":7,"column":31}},"loc":{"start":{"line":7,"column":31},"end":{"line":16,"column":1}}},"1":{"name":"(anonymous_2)","decl":{"start":{"line":28,"column":19},"end":{"line":28,"column":20}},"loc":{"start":{"line":28,"column":32},"end":{"line":30,"column":1}}},"2":{"name":"(anonymous_3)","decl":{"start":{"line":31,"column":11},"end":{"line":31,"column":12}},"loc":{"start":{"line":31,"column":24},"end":{"line":33,"column":1}}}},"branchMap":{},"s":{"0":2,"1":2,"2":2,"3":2,"4":2,"5":3,"6":3,"7":2,"8":1,"9":1,"10":2,"11":2,"12":2,"13":2,"14":2,"15":1,"16":2,"17":0,"18":2},"f":{"0":3,"1":1,"2":0},"b":{}}
,"C:\\Users\\Martin\\Desktop\\TRABAJANDO\\CURSO UDEMY REACT\\13-administrador_productos\\backend\\src\\config\\db.ts": {"path":"C:\\Users\\Martin\\Desktop\\TRABAJANDO\\CURSO UDEMY REACT\\13-administrador_productos\\backend\\src\\config\\db.ts","statementMap":{"0":{"start":{"line":1,"column":0},"end":{"line":1,"column":49}},"1":{"start":{"line":2,"column":0},"end":{"line":2,"column":32}},"2":{"start":{"line":3,"column":0},"end":{"line":3,"column":9}},"3":{"start":{"line":5,"column":11},"end":{"line":8,"column":2}},"4":{"start":{"line":10,"column":0},"end":{"line":10,"column":18}}},"fnMap":{},"branchMap":{},"s":{"0":2,"1":2,"2":2,"3":2,"4":2},"f":{},"b":{}}
,"C:\\Users\\Martin\\Desktop\\TRABAJANDO\\CURSO UDEMY REACT\\13-administrador_productos\\backend\\src\\handlers\\product.ts": {"path":"C:\\Users\\Martin\\Desktop\\TRABAJANDO\\CURSO UDEMY REACT\\13-administrador_productos\\backend\\src\\handlers\\product.ts","statementMap":{"0":{"start":{"line":2,"column":0},"end":{"line":2,"column":46}},"1":{"start":{"line":5,"column":26},"end":{"line":15,"column":1}},"2":{"start":{"line":6,"column":2},"end":{"line":14,"column":3}},"3":{"start":{"line":7,"column":21},"end":{"line":10,"column":6}},"4":{"start":{"line":11,"column":4},"end":{"line":11,"column":33}},"5":{"start":{"line":13,"column":4},"end":{"line":13,"column":23}},"6":{"start":{"line":5,"column":13},"end":{"line":5,"column":26}},"7":{"start":{"line":17,"column":30},"end":{"line":32,"column":1}},"8":{"start":{"line":19,"column":17},"end":{"line":19,"column":27}},"9":{"start":{"line":21,"column":2},"end":{"line":31,"column":3}},"10":{"start":{"line":22,"column":20},"end":{"line":22,"column":46}},"11":{"start":{"line":24,"column":4},"end":{"line":27,"column":5}},"12":{"start":{"line":25,"column":6},"end":{"line":25,"column":64}},"13":{"start":{"line":26,"column":6},"end":{"line":26,"column":13}},"14":{"start":{"line":28,"column":4},"end":{"line":28,"column":22}},"15":{"start":{"line":30,"column":4},"end":{"line":30,"column":23}},"16":{"start":{"line":17,"column":13},"end":{"line":17,"column":30}},"17":{"start":{"line":34,"column":29},"end":{"line":41,"column":1}},"18":{"start":{"line":35,"column":2},"end":{"line":40,"column":3}},"19":{"start":{"line":36,"column":20},"end":{"line":36,"column":50}},"20":{"start":{"line":37,"column":4},"end":{"line":37,"column":44}},"21":{"start":{"line":39,"column":4},"end":{"line":39,"column":23}},"22":{"start":{"line":34,"column":13},"end":{"line":34,"column":29}},"23":{"start":{"line":43,"column":29},"end":{"line":59,"column":1}},"24":{"start":{"line":44,"column":17},"end":{"line":44,"column":27}},"25":{"start":{"line":45,"column":2},"end":{"line":58,"column":3}},"26":{"start":{"line":46,"column":20},"end":{"line":46,"column":46}},"27":{"start":{"line":47,"column":4},"end":{"line":50,"column":5}},"28":{"start":{"line":48,"column":6},"end":{"line":48,"column":64}},"29":{"start":{"line":49,"column":6},"end":{"line":49,"column":13}},"30":{"start":{"line":52,"column":4},"end":{"line":52,"column":35}},"31":{"start":{"line":53,"column":4},"end":{"line":53,"column":25}},"32":{"start":{"line":55,"column":4},"end":{"line":55,"column":35}},"33":{"start":{"line":57,"column":4},"end":{"line":57,"column":23}},"34":{"start":{"line":43,"column":13},"end":{"line":43,"column":29}},"35":{"start":{"line":61,"column":34},"end":{"line":78,"column":1}},"36":{"start":{"line":62,"column":17},"end":{"line":62,"column":27}},"37":{"start":{"line":63,"column":2},"end":{"line":77,"column":3}},"38":{"start":{"line":64,"column":20},"end":{"line":64,"column":46}},"39":{"start":{"line":65,"column":4},"end":{"line":68,"column":5}},"40":{"start":{"line":66,"column":6},"end":{"line":66,"column":64}},"41":{"start":{"line":67,"column":6},"end":{"line":67,"column":13}},"42":{"start":{"line":71,"column":4},"end":{"line":71,"column":60}},"43":{"start":{"line":72,"column":4},"end":{"line":72,"column":25}},"44":{"start":{"line":74,"column":4},"end":{"line":74,"column":35}},"45":{"start":{"line":76,"column":4},"end":{"line":76,"column":23}},"46":{"start":{"line":61,"column":13},"end":{"line":61,"column":34}},"47":{"start":{"line":80,"column":29},"end":{"line":93,"column":1}},"48":{"start":{"line":81,"column":17},"end":{"line":81,"column":27}},"49":{"start":{"line":82,"column":2},"end":{"line":92,"column":3}},"50":{"start":{"line":83,"column":20},"end":{"line":83,"column":46}},"51":{"start":{"line":84,"column":4},"end":{"line":87,"column":5}},"52":{"start":{"line":85,"column":6},"end":{"line":85,"column":64}},"53":{"start":{"line":86,"column":6},"end":{"line":86,"column":13}},"54":{"start":{"line":88,"column":4},"end":{"line":88,"column":28}},"55":{"start":{"line":89,"column":4},"end":{"line":89,"column":46}},"56":{"start":{"line":91,"column":4},"end":{"line":91,"column":23}},"57":{"start":{"line":80,"column":13},"end":{"line":80,"column":29}}},"fnMap":{"0":{"name":"(anonymous_1)","decl":{"start":{"line":5,"column":26},"end":{"line":5,"column":31}},"loc":{"start":{"line":5,"column":64},"end":{"line":15,"column":1}}},"1":{"name":"(anonymous_2)","decl":{"start":{"line":17,"column":30},"end":{"line":17,"column":35}},"loc":{"start":{"line":17,"column":68},"end":{"line":32,"column":1}}},"2":{"name":"(anonymous_3)","decl":{"start":{"line":34,"column":29},"end":{"line":34,"column":34}},"loc":{"start":{"line":34,"column":82},"end":{"line":41,"column":1}}},"3":{"name":"(anonymous_4)","decl":{"start":{"line":43,"column":29},"end":{"line":43,"column":34}},"loc":{"start":{"line":43,"column":67},"end":{"line":59,"column":1}}},"4":{"name":"(anonymous_5)","decl":{"start":{"line":61,"column":34},"end":{"line":61,"column":39}},"loc":{"start":{"line":61,"column":72},"end":{"line":78,"column":1}}},"5":{"name":"(anonymous_6)","decl":{"start":{"line":80,"column":29},"end":{"line":80,"column":34}},"loc":{"start":{"line":80,"column":67},"end":{"line":93,"column":1}}}},"branchMap":{"0":{"loc":{"start":{"line":24,"column":4},"end":{"line":27,"column":5}},"type":"if","locations":[{"start":{"line":24,"column":4},"end":{"line":27,"column":5}}]},"1":{"loc":{"start":{"line":47,"column":4},"end":{"line":50,"column":5}},"type":"if","locations":[{"start":{"line":47,"column":4},"end":{"line":50,"column":5}}]},"2":{"loc":{"start":{"line":65,"column":4},"end":{"line":68,"column":5}},"type":"if","locations":[{"start":{"line":65,"column":4},"end":{"line":68,"column":5}}]},"3":{"loc":{"start":{"line":84,"column":4},"end":{"line":87,"column":5}},"type":"if","locations":[{"start":{"line":84,"column":4},"end":{"line":87,"column":5}}]}},"s":{"0":2,"1":2,"2":2,"3":2,"4":2,"5":0,"6":2,"7":2,"8":1,"9":1,"10":1,"11":1,"12":1,"13":1,"14":0,"15":0,"16":2,"17":2,"18":1,"19":1,"20":1,"21":0,"22":2,"23":2,"24":2,"25":2,"26":2,"27":2,"28":1,"29":1,"30":1,"31":1,"32":1,"33":0,"34":2,"35":2,"36":2,"37":2,"38":2,"39":2,"40":1,"41":1,"42":1,"43":1,"44":1,"45":0,"46":2,"47":2,"48":2,"49":2,"50":2,"51":2,"52":1,"53":1,"54":1,"55":1,"56":0,"57":2},"f":{"0":2,"1":1,"2":1,"3":2,"4":2,"5":2},"b":{"0":[1],"1":[1],"2":[1],"3":[1]}}
,"C:\\Users\\Martin\\Desktop\\TRABAJANDO\\CURSO UDEMY REACT\\13-administrador_productos\\backend\\src\\middlewares\\index.ts": {"path":"C:\\Users\\Martin\\Desktop\\TRABAJANDO\\CURSO UDEMY REACT\\13-administrador_productos\\backend\\src\\middlewares\\index.ts","statementMap":{"0":{"start":{"line":2,"column":0},"end":{"line":2,"column":53}},"1":{"start":{"line":4,"column":33},"end":{"line":11,"column":1}},"2":{"start":{"line":5,"column":15},"end":{"line":5,"column":36}},"3":{"start":{"line":6,"column":2},"end":{"line":9,"column":3}},"4":{"start":{"line":7,"column":4},"end":{"line":7,"column":53}},"5":{"start":{"line":8,"column":4},"end":{"line":8,"column":11}},"6":{"start":{"line":10,"column":2},"end":{"line":10,"column":9}},"7":{"start":{"line":4,"column":13},"end":{"line":4,"column":33}}},"fnMap":{"0":{"name":"(anonymous_0)","decl":{"start":{"line":4,"column":33},"end":{"line":4,"column":34}},"loc":{"start":{"line":4,"column":85},"end":{"line":11,"column":1}}}},"branchMap":{"0":{"loc":{"start":{"line":6,"column":2},"end":{"line":9,"column":3}},"type":"if","locations":[{"start":{"line":6,"column":2},"end":{"line":9,"column":3}}]}},"s":{"0":2,"1":2,"2":16,"3":16,"4":8,"5":8,"6":8,"7":2},"f":{"0":16},"b":{"0":[8]}}
,"C:\\Users\\Martin\\Desktop\\TRABAJANDO\\CURSO UDEMY REACT\\13-administrador_productos\\backend\\src\\models\\Product.model.ts": {"path":"C:\\Users\\Martin\\Desktop\\TRABAJANDO\\CURSO UDEMY REACT\\13-administrador_productos\\backend\\src\\models\\Product.model.ts","statementMap":{"0":{"start":{"line":1,"column":0},"end":{"line":1,"column":79}},"1":{"start":{"line":6,"column":0},"end":{"line":22,"column":null}},"2":{"start":{"line":10,"column":10},"end":{"line":10,"column":null}},"3":{"start":{"line":15,"column":10},"end":{"line":15,"column":null}},"4":{"start":{"line":21,"column":10},"end":{"line":21,"column":null}},"5":{"start":{"line":6,"column":6},"end":{"line":22,"column":null}},"6":{"start":{"line":24,"column":0},"end":{"line":24,"column":23}}},"fnMap":{},"branchMap":{},"s":{"0":3,"1":3,"2":3,"3":3,"4":3,"5":3,"6":3},"f":{},"b":{}}
}
