TN:
SF:src\router.ts
FN:32,(anonymous_0)
FN:47,(anonymous_1)
FNF:2
FNH:2
FNDA:4,(anonymous_0)
FNDA:5,(anonymous_1)
DA:1,2
DA:2,2
DA:10,2
DA:11,2
DA:13,2
DA:16,2
DA:17,2
DA:24,2
DA:32,4
DA:38,2
DA:47,5
DA:54,2
DA:61,2
DA:68,2
LF:14
LH:14
BRF:0
BRH:0
end_of_record
TN:
SF:src\server.ts
FN:7,connectDB
FN:28,(anonymous_2)
FN:31,(anonymous_3)
FNF:3
FNH:2
FNDA:3,connectDB
FNDA:1,(anonymous_2)
FNDA:0,(anonymous_3)
DA:1,2
DA:2,2
DA:3,2
DA:4,2
DA:7,2
DA:8,3
DA:9,3
DA:10,2
DA:13,1
DA:14,1
DA:18,2
DA:20,2
DA:23,2
DA:27,2
DA:28,2
DA:29,1
DA:31,2
DA:32,0
DA:35,2
LF:19
LH:18
BRF:0
BRH:0
end_of_record
TN:
SF:src\config\db.ts
FNF:0
FNH:0
DA:1,2
DA:2,2
DA:3,2
DA:5,2
DA:10,2
LF:5
LH:5
BRF:0
BRH:0
end_of_record
TN:
SF:src\handlers\product.ts
FN:5,(anonymous_1)
FN:17,(anonymous_2)
FN:34,(anonymous_3)
FN:43,(anonymous_4)
FN:61,(anonymous_5)
FN:80,(anonymous_6)
FNF:6
FNH:6
FNDA:2,(anonymous_1)
FNDA:1,(anonymous_2)
FNDA:1,(anonymous_3)
FNDA:2,(anonymous_4)
FNDA:2,(anonymous_5)
FNDA:2,(anonymous_6)
DA:2,2
DA:5,2
DA:6,2
DA:7,2
DA:11,2
DA:13,0
DA:17,2
DA:19,1
DA:21,1
DA:22,1
DA:24,1
DA:25,1
DA:26,1
DA:28,0
DA:30,0
DA:34,2
DA:35,1
DA:36,1
DA:37,1
DA:39,0
DA:43,2
DA:44,2
DA:45,2
DA:46,2
DA:47,2
DA:48,1
DA:49,1
DA:52,1
DA:53,1
DA:55,1
DA:57,0
DA:61,2
DA:62,2
DA:63,2
DA:64,2
DA:65,2
DA:66,1
DA:67,1
DA:71,1
DA:72,1
DA:74,1
DA:76,0
DA:80,2
DA:81,2
DA:82,2
DA:83,2
DA:84,2
DA:85,1
DA:86,1
DA:88,1
DA:89,1
DA:91,0
LF:52
LH:45
BRDA:24,0,0,1
BRDA:47,1,0,1
BRDA:65,2,0,1
BRDA:84,3,0,1
BRF:4
BRH:4
end_of_record
TN:
SF:src\middlewares\index.ts
FN:4,(anonymous_0)
FNF:1
FNH:1
FNDA:16,(anonymous_0)
DA:2,2
DA:4,2
DA:5,16
DA:6,16
DA:7,8
DA:8,8
DA:10,8
LF:7
LH:7
BRDA:6,0,0,8
BRF:1
BRH:1
end_of_record
TN:
SF:src\models\Product.model.ts
FNF:0
FNH:0
DA:1,3
DA:6,3
DA:10,3
DA:15,3
DA:21,3
DA:24,3
LF:6
LH:6
BRF:0
BRH:0
end_of_record
